# JRE version: Java(TM) SE Runtime Environment (8.0_51-b16) (build 1.8.0_51-b16)
# Java VM: Java HotSpot(TM) 64-Bit Server VM (25.51-b03 mixed mode windows-amd64 compressed oops)
Heap:
 PSYoungGen      total 604672K, used 96978K [0x000000076bb00000, 0x00000007b5800000, 0x00000007c0000000)
  eden space 518656K, 18% used [0x000000076bb00000,0x00000007719b4a60,0x000000078b580000)
  from space 86016K, 0% used [0x000000078b580000,0x000000078b580000,0x0000000790980000)
  to   space 86016K, 0% used [0x00000007b0400000,0x00000007b0400000,0x00000007b5800000)
 ParOldGen       total 1381888K, used 47690K [0x00000006c3000000, 0x0000000717580000, 0x000000076bb00000)
  object space 1381888K, 3% used [0x00000006c3000000,0x00000006c5e928f0,0x0000000717580000)
 Metaspace       used 28184K, capacity 29124K, committed 29232K, reserved 1075200K
  class space    used 2601K, capacity 2850K, committed 2864K, reserved 1048576K
GC Heap History (4 events):
Event: 2.815 GC heap before
{Heap before GC invocations=1 (full 0):
 PSYoungGen      total 604672K, used 456286K [0x000000076bb00000, 0x0000000795d80000, 0x00000007c0000000)
  eden space 518656K, 87% used [0x000000076bb00000,0x0000000787897930,0x000000078b580000)
  from space 86016K, 0% used [0x0000000790980000,0x0000000790980000,0x0000000795d80000)
  to   space 86016K, 0% used [0x000000078b580000,0x000000078b580000,0x0000000790980000)
 ParOldGen       total 1381888K, used 0K [0x00000006c3000000, 0x0000000717580000, 0x000000076bb00000)
  object space 1381888K, 0% used [0x00000006c3000000,0x00000006c3000000,0x0000000717580000)
 Metaspace       used 20454K, capacity 21243K, committed 21296K, reserved 1069056K
  class space    used 2098K, capacity 2325K, committed 2352K, reserved 1048576K
Event: 2.847 GC heap after
Heap after GC invocations=1 (full 0):
 PSYoungGen      total 604672K, used 48457K [0x000000076bb00000, 0x00000007b5800000, 0x00000007c0000000)
  eden space 518656K, 0% used [0x000000076bb00000,0x000000076bb00000,0x000000078b580000)
  from space 86016K, 56% used [0x000000078b580000,0x000000078e4d2430,0x0000000790980000)
  to   space 86016K, 0% used [0x00000007b0400000,0x00000007b0400000,0x00000007b5800000)
 ParOldGen       total 1381888K, used 40K [0x00000006c3000000, 0x0000000717580000, 0x000000076bb00000)
  object space 1381888K, 0% used [0x00000006c3000000,0x00000006c300a000,0x0000000717580000)
 Metaspace       used 20454K, capacity 21243K, committed 21296K, reserved 1069056K
  class space    used 2098K, capacity 2325K, committed 2352K, reserved 1048576K
}
Event: 2.847 GC heap before
{Heap before GC invocations=2 (full 1):
 PSYoungGen      total 604672K, used 48457K [0x000000076bb00000, 0x00000007b5800000, 0x00000007c0000000)
  eden space 518656K, 0% used [0x000000076bb00000,0x000000076bb00000,0x000000078b580000)
  from space 86016K, 56% used [0x000000078b580000,0x000000078e4d2430,0x0000000790980000)
  to   space 86016K, 0% used [0x00000007b0400000,0x00000007b0400000,0x00000007b5800000)
 ParOldGen       total 1381888K, used 40K [0x00000006c3000000, 0x0000000717580000, 0x000000076bb00000)
  object space 1381888K, 0% used [0x00000006c3000000,0x00000006c300a000,0x0000000717580000)
 Metaspace       used 20454K, capacity 21243K, committed 21296K, reserved 1069056K
  class space    used 2098K, capacity 2325K, committed 2352K, reserved 1048576K
Event: 2.981 GC heap after
Heap after GC invocations=2 (full 1):
 PSYoungGen      total 604672K, used 0K [0x000000076bb00000, 0x00000007b5800000, 0x00000007c0000000)
  eden space 518656K, 0% used [0x000000076bb00000,0x000000076bb00000,0x000000078b580000)
  from space 86016K, 0% used [0x000000078b580000,0x000000078b580000,0x0000000790980000)
  to   space 86016K, 0% used [0x00000007b0400000,0x00000007b0400000,0x00000007b5800000)
 ParOldGen       total 1381888K, used 47690K [0x00000006c3000000, 0x0000000717580000, 0x000000076bb00000)
  object space 1381888K, 3% used [0x00000006c3000000,0x00000006c5e928f0,0x0000000717580000)
 Metaspace       used 20454K, capacity 21243K, committed 21296K, reserved 1069056K
  class space    used 2098K, capacity 2325K, committed 2352K, reserved 1048576K
}

